<?xml version="1.0" encoding="UTF-8"?>
<testsuite name="TestSuite" time="5.979" tests="1" errors="0" skipped="0" failures="0">
  <properties>
    <property name="java.vendor" value="Oracle Corporation"/>
    <property name="JOB_NAME" value="test"/>
    <property name="localRepository" value="D:\software\maven\repository"/>
    <property name="RUN_TESTS_DISPLAY_URL" value="http://localhost:8888/job/test/8/display/redirect?page=tests"/>
    <property name="sun.java.launcher" value="SUN_STANDARD"/>
    <property name="NUMBER_OF_PROCESSORS" value="6"/>
    <property name="sun.management.compiler" value="HotSpot 64-Bit Tiered Compilers"/>
    <property name="JENKINS_HOME" value="C:\WINDOWS\system32\config\systemprofile\AppData\Local\Jenkins\.jenkins"/>
    <property name="jnidispatch.path" value="C:\WINDOWS\TEMP\jna--1951676822\jna7433362568075013159.dll"/>
    <property name="HUDSON_SERVER_COOKIE" value="8d56d3b9737e9eb4"/>
    <property name="POM_ARTIFACTID" value="jenkinsTest"/>
    <property name="os.name" value="Windows 10"/>
    <property name="sun.boot.class.path" value="D:\software\Java\jdk1.8.0_241\jre\lib\resources.jar;D:\software\Java\jdk1.8.0_241\jre\lib\rt.jar;D:\software\Java\jdk1.8.0_241\jre\lib\sunrsasign.jar;D:\software\Java\jdk1.8.0_241\jre\lib\jsse.jar;D:\software\Java\jdk1.8.0_241\jre\lib\jce.jar;D:\software\Java\jdk1.8.0_241\jre\lib\charsets.jar;D:\software\Java\jdk1.8.0_241\jre\lib\jfr.jar;D:\software\Java\jdk1.8.0_241\jre\classes"/>
    <property name="EXECUTOR_NUMBER" value="1"/>
    <property name="sun.desktop" value="windows"/>
    <property name="PATHEXT" value=".COM;.EXE;.BAT;.CMD;.VBS;.VBE;.JS;.JSE;.WSF;.WSH;.MSC"/>
    <property name="java.vm.specification.vendor" value="Oracle Corporation"/>
    <property name="POM_DISPLAYNAME" value="jenkinsTest"/>
    <property name="NODE_LABELS" value="master"/>
    <property name="TEMP" value="C:\WINDOWS\TEMP"/>
    <property name="java.runtime.version" value="1.8.0_241-b07"/>
    <property name="WINSW_SERVICE_ID" value="jenkins"/>
    <property name="user.name" value="BF-201901191311$"/>
    <property name="guice.disable.misplaced.annotation.check" value="true"/>
    <property name="CommonProgramW6432" value="C:\Program Files\Common Files"/>
    <property name="ProgramFiles" value="C:\Program Files"/>
    <property name="user.language" value="zh"/>
    <property name="JOB_BASE_NAME" value="test"/>
    <property name="RUN_CHANGES_DISPLAY_URL" value="http://localhost:8888/job/test/8/display/redirect?page=changes"/>
    <property name="BUILD_DISPLAY_NAME" value="#8"/>
    <property name="sun.boot.library.path" value="D:\software\Java\jdk1.8.0_241\jre\bin"/>
    <property name="LOCALAPPDATA" value="C:\WINDOWS\system32\config\systemprofile\AppData\Local"/>
    <property name="java.version" value="1.8.0_241"/>
    <property name="PROCESSOR_LEVEL" value="23"/>
    <property name="user.timezone" value="Asia/Shanghai"/>
    <property name="USERNAME" value="BF-201901191311$"/>
    <property name="sun.arch.data.model" value="64"/>
    <property name="NODE_NAME" value="master"/>
    <property name="java.endorsed.dirs" value="D:\software\Java\jdk1.8.0_241\jre\lib\endorsed"/>
    <property name="BUILD_ID" value="8"/>
    <property name="sun.cpu.isalist" value="amd64"/>
    <property name="sun.jnu.encoding" value="GBK"/>
    <property name="file.encoding.pkg" value="sun.io"/>
    <property name="file.separator" value="\"/>
    <property name="java.specification.name" value="Java Platform API Specification"/>
    <property name="maven.conf" value="D:\software\maven\apache-maven-3.6.3\conf"/>
    <property name="java.class.version" value="52.0"/>
    <property name="org.slf4j.simpleLogger.defaultLogLevel" value="info"/>
    <property name="user.country" value="CN"/>
    <property name="ALLUSERSPROFILE" value="C:\ProgramData"/>
    <property name="java.home" value="D:\software\Java\jdk1.8.0_241\jre"/>
    <property name="java.vm.info" value="mixed mode"/>
    <property name="os.version" value="10.0"/>
    <property name="RUN_DISPLAY_URL" value="http://localhost:8888/job/test/8/display/redirect"/>
    <property name="POM_VERSION" value="1.0-SNAPSHOT"/>
    <property name="webdriver.chrome.driver" value="/D:/project/jenkinsTest\src\main\resources\webDriver\chromedriver.exe"/>
    <property name="TMP" value="C:\WINDOWS\TEMP"/>
    <property name="RUN_ARTIFACTS_DISPLAY_URL" value="http://localhost:8888/job/test/8/display/redirect?page=artifacts"/>
    <property name="path.separator" value=";"/>
    <property name="java.vm.version" value="25.241-b07"/>
    <property name="user.variant" value=""/>
    <property name="JOB_DISPLAY_URL" value="http://localhost:8888/job/test/display/redirect"/>
    <property name="CommonProgramFiles(x86)" value="C:\Program Files (x86)\Common Files"/>
    <property name="java.awt.printerjob" value="sun.awt.windows.WPrinterJob"/>
    <property name="JAVA_HOME" value="D:\software\Java\jdk1.8.0_241"/>
    <property name="sun.io.unicode.encoding" value="UnicodeLittle"/>
    <property name="CommonProgramFiles" value="C:\Program Files\Common Files"/>
    <property name="ComSpec" value="C:\WINDOWS\system32\cmd.exe"/>
    <property name="awt.toolkit" value="sun.awt.windows.WToolkit"/>
    <property name="POM_PACKAGING" value="jar"/>
    <property name="asl.log" value="Destination=file"/>
    <property name="user.script" value=""/>
    <property name="COMPUTERNAME" value="BF-201901191311"/>
    <property name="SERVICE_ID" value="jenkins"/>
    <property name="POM_GROUPID" value="com.kimi"/>
    <property name="user.home" value="C:\WINDOWS\system32\config\systemprofile"/>
    <property name="PUBLIC" value="C:\Users\Public"/>
    <property name="BUILD_TAG" value="jenkins-test-8"/>
    <property name="JENKINS_SERVER_COOKIE" value="8d56d3b9737e9eb4"/>
    <property name="HUDSON_URL" value="http://localhost:8888/"/>
    <property name="ProgramData" value="C:\ProgramData"/>
    <property name="java.specification.vendor" value="Oracle Corporation"/>
    <property name="USERPROFILE" value="C:\WINDOWS\system32\config\systemprofile"/>
    <property name="CLASSPATH" value=""/>
    <property name="java.vendor.url" value="http://java.oracle.com/"/>
    <property name="java.library.path" value="D:\software\Java\jdk1.8.0_241\bin;C:\WINDOWS\Sun\Java\bin;C:\WINDOWS\system32;C:\WINDOWS;D:\software\maven\apache-maven-3.6.3/bin;D:\software\Java\jdk1.8.0_241/bin;D:\software\Java\jdk1.8.0_241/bin;C:\windows\system32;C:\windows;C:\windows\System32\Wbem;C:\windows\System32\WindowsPowerShell\v1.0\;C:\windows\System32\OpenSSH\;C:\Program Files (x86)\NVIDIA Corporation\PhysX\Common;C:\WINDOWS\system32;C:\WINDOWS;C:\WINDOWS\System32\Wbem;C:\WINDOWS\System32\WindowsPowerShell\v1.0\;C:\WINDOWS\System32\OpenSSH\;%TOMCAT_HOME%\bin;D:\Git\cmd;C:\WINDOWS\system32\config\systemprofile\AppData\Local\Microsoft\WindowsApps;."/>
    <property name="java.vm.vendor" value="Oracle Corporation"/>
    <property name="APPDATA" value="C:\WINDOWS\system32\config\systemprofile\AppData\Roaming"/>
    <property name="java.runtime.name" value="Java(TM) SE Runtime Environment"/>
    <property name="maven.home" value="D:\software\maven\apache-maven-3.6.3"/>
    <property name="java.class.path" value="C:\WINDOWS\system32\config\systemprofile\AppData\Local\Jenkins\.jenkins\plugins\maven-plugin\WEB-INF\lib\maven35-agent-1.13.jar;D:\software\maven\apache-maven-3.6.3\boot\plexus-classworlds-2.6.0.jar;D:\software\maven\apache-maven-3.6.3/conf/logging"/>
    <property name="sun.java.command" value="jenkins.maven3.agent.Maven35Main D:\software\maven\apache-maven-3.6.3 C:\Windows\System32\config\systemprofile\AppData\Local\Jenkins\war\WEB-INF\lib\remoting-4.6.jar C:\WINDOWS\system32\config\systemprofile\AppData\Local\Jenkins\.jenkins\plugins\maven-plugin\WEB-INF\lib\maven35-interceptor-1.13.jar C:\WINDOWS\system32\config\systemprofile\AppData\Local\Jenkins\.jenkins\plugins\maven-plugin\WEB-INF\lib\maven3-interceptor-commons-1.13.jar 65423"/>
    <property name="Path" value="D:\software\Java\jdk1.8.0_241/bin;C:\windows\system32;C:\windows;C:\windows\System32\Wbem;C:\windows\System32\WindowsPowerShell\v1.0\;C:\windows\System32\OpenSSH\;C:\Program Files (x86)\NVIDIA Corporation\PhysX\Common;C:\WINDOWS\system32;C:\WINDOWS;C:\WINDOWS\System32\Wbem;C:\WINDOWS\System32\WindowsPowerShell\v1.0\;C:\WINDOWS\System32\OpenSSH\;%TOMCAT_HOME%\bin;D:\Git\cmd;C:\WINDOWS\system32\config\systemprofile\AppData\Local\Microsoft\WindowsApps"/>
    <property name="java.vm.specification.name" value="Java Virtual Machine Specification"/>
    <property name="PROCESSOR_ARCHITECTURE" value="AMD64"/>
    <property name="PATH+JDK" value="D:\software\Java\jdk1.8.0_241/bin"/>
    <property name="PROCESSOR_IDENTIFIER" value="AMD64 Family 23 Model 113 Stepping 0, AuthenticAMD"/>
    <property name="java.vm.specification.version" value="1.8"/>
    <property name="sun.os.patch.level" value=""/>
    <property name="sun.cpu.endian" value="little"/>
    <property name="M2_HOME" value="D:\software\maven\apache-maven-3.6.3"/>
    <property name="surefire.test.class.path" value="D:\project\jenkinsTest\target\test-classes;D:\project\jenkinsTest\target\classes;D:\software\maven\repository\org\testng\testng\6.8.7\testng-6.8.7.jar;D:\software\maven\repository\org\beanshell\bsh\2.0b4\bsh-2.0b4.jar;D:\software\maven\repository\org\yaml\snakeyaml\1.12\snakeyaml-1.12.jar;D:\software\maven\repository\org\seleniumhq\selenium\selenium-java\2.48.2\selenium-java-2.48.2.jar;D:\software\maven\repository\org\seleniumhq\selenium\selenium-chrome-driver\2.48.2\selenium-chrome-driver-2.48.2.jar;D:\software\maven\repository\org\seleniumhq\selenium\selenium-remote-driver\2.48.2\selenium-remote-driver-2.48.2.jar;D:\software\maven\repository\cglib\cglib-nodep\2.1_3\cglib-nodep-2.1_3.jar;D:\software\maven\repository\com\google\code\gson\gson\2.3.1\gson-2.3.1.jar;D:\software\maven\repository\org\seleniumhq\selenium\selenium-api\2.48.2\selenium-api-2.48.2.jar;D:\software\maven\repository\com\google\guava\guava\18.0\guava-18.0.jar;D:\software\maven\repository\org\seleniumhq\selenium\selenium-edge-driver\2.48.2\selenium-edge-driver-2.48.2.jar;D:\software\maven\repository\commons-io\commons-io\2.4\commons-io-2.4.jar;D:\software\maven\repository\org\apache\commons\commons-exec\1.3\commons-exec-1.3.jar;D:\software\maven\repository\org\seleniumhq\selenium\selenium-htmlunit-driver\2.48.2\selenium-htmlunit-driver-2.48.2.jar;D:\software\maven\repository\net\sourceforge\htmlunit\htmlunit\2.18\htmlunit-2.18.jar;D:\software\maven\repository\xalan\xalan\2.7.2\xalan-2.7.2.jar;D:\software\maven\repository\xalan\serializer\2.7.2\serializer-2.7.2.jar;D:\software\maven\repository\commons-collections\commons-collections\3.2.1\commons-collections-3.2.1.jar;D:\software\maven\repository\org\apache\commons\commons-lang3\3.4\commons-lang3-3.4.jar;D:\software\maven\repository\org\apache\httpcomponents\httpmime\4.5\httpmime-4.5.jar;D:\software\maven\repository\net\sourceforge\htmlunit\htmlunit-core-js\2.17\htmlunit-core-js-2.17.jar;D:\software\maven\repository\xerces\xercesImpl\2.11.0\xercesImpl-2.11.0.jar;D:\software\maven\repository\xml-apis\xml-apis\1.4.01\xml-apis-1.4.01.jar;D:\software\maven\repository\net\sourceforge\nekohtml\nekohtml\1.9.22\nekohtml-1.9.22.jar;D:\software\maven\repository\net\sourceforge\cssparser\cssparser\0.9.16\cssparser-0.9.16.jar;D:\software\maven\repository\org\w3c\css\sac\1.3\sac-1.3.jar;D:\software\maven\repository\commons-logging\commons-logging\1.2\commons-logging-1.2.jar;D:\software\maven\repository\org\eclipse\jetty\websocket\websocket-client\9.2.12.v20150709\websocket-client-9.2.12.v20150709.jar;D:\software\maven\repository\org\eclipse\jetty\jetty-util\9.2.12.v20150709\jetty-util-9.2.12.v20150709.jar;D:\software\maven\repository\org\eclipse\jetty\jetty-io\9.2.12.v20150709\jetty-io-9.2.12.v20150709.jar;D:\software\maven\repository\org\eclipse\jetty\websocket\websocket-common\9.2.12.v20150709\websocket-common-9.2.12.v20150709.jar;D:\software\maven\repository\org\eclipse\jetty\websocket\websocket-api\9.2.12.v20150709\websocket-api-9.2.12.v20150709.jar;D:\software\maven\repository\org\apache\httpcomponents\httpclient\4.5.1\httpclient-4.5.1.jar;D:\software\maven\repository\org\apache\httpcomponents\httpcore\4.4.3\httpcore-4.4.3.jar;D:\software\maven\repository\org\seleniumhq\selenium\selenium-firefox-driver\2.48.2\selenium-firefox-driver-2.48.2.jar;D:\software\maven\repository\org\seleniumhq\selenium\selenium-ie-driver\2.48.2\selenium-ie-driver-2.48.2.jar;D:\software\maven\repository\net\java\dev\jna\jna\4.1.0\jna-4.1.0.jar;D:\software\maven\repository\net\java\dev\jna\jna-platform\4.1.0\jna-platform-4.1.0.jar;D:\software\maven\repository\org\seleniumhq\selenium\selenium-safari-driver\2.48.2\selenium-safari-driver-2.48.2.jar;D:\software\maven\repository\org\seleniumhq\selenium\selenium-support\2.48.2\selenium-support-2.48.2.jar;D:\software\maven\repository\org\webbitserver\webbit\0.4.14\webbit-0.4.14.jar;D:\software\maven\repository\io\netty\netty\3.5.2.Final\netty-3.5.2.Final.jar;D:\software\maven\repository\org\seleniumhq\selenium\selenium-leg-rc\2.48.2\selenium-leg-rc-2.48.2.jar;D:\software\maven\repository\junit\junit\4.12\junit-4.12.jar;D:\software\maven\repository\org\hamcrest\hamcrest-core\1.3\hamcrest-core-1.3.jar;D:\software\maven\repository\org\uncommons\reportng\1.1.4\reportng-1.1.4.jar;D:\software\maven\repository\velocity\velocity\1.4\velocity-1.4.jar;D:\software\maven\repository\velocity\velocity-dep\1.4\velocity-dep-1.4.jar;D:\software\maven\repository\com\google\inject\guice\3.0\guice-3.0.jar;D:\software\maven\repository\javax\inject\javax.inject\1\javax.inject-1.jar;D:\software\maven\repository\aopalliance\aopalliance\1.0\aopalliance-1.0.jar;D:\software\maven\repository\org\dom4j\dom4j\2.1.1\dom4j-2.1.1.jar;D:\software\maven\repository\org\apache\logging\log4j\log4j-core\2.1\log4j-core-2.1.jar;D:\software\maven\repository\org\apache\logging\log4j\log4j-api\2.1\log4j-api-2.1.jar;D:\software\maven\repository\com\beust\jcommander\1.30\jcommander-1.30.jar;D:\software\maven\repository\org\apache\poi\poi\3.17\poi-3.17.jar;D:\software\maven\repository\commons-codec\commons-codec\1.10\commons-codec-1.10.jar;D:\software\maven\repository\org\apache\commons\commons-collections4\4.1\commons-collections4-4.1.jar;D:\software\maven\repository\org\apache\poi\poi-ooxml\3.17\poi-ooxml-3.17.jar;D:\software\maven\repository\org\apache\poi\poi-ooxml-schemas\3.17\poi-ooxml-schemas-3.17.jar;D:\software\maven\repository\org\apache\xmlbeans\xmlbeans\2.6.0\xmlbeans-2.6.0.jar;D:\software\maven\repository\stax\stax-api\1.0.1\stax-api-1.0.1.jar;D:\software\maven\repository\com\github\virtuald\curvesapi\1.04\curvesapi-1.04.jar;D:\software\maven\repository\org\apache\maven\surefire\surefire-testng-utils\2.18\surefire-testng-utils-2.18.jar;D:\software\maven\repository\org\apache\maven\surefire\surefire-grouper\2.18\surefire-grouper-2.18.jar;"/>
    <property name="java.io.tmpdir" value="C:\WINDOWS\TEMP\"/>
    <property name="OS" value="Windows_NT"/>
    <property name="HUDSON_HOME" value="C:\WINDOWS\system32\config\systemprofile\AppData\Local\Jenkins\.jenkins"/>
    <property name="PATH+MAVEN" value="D:\software\maven\apache-maven-3.6.3/bin"/>
    <property name="ProgramFiles(x86)" value="C:\Program Files (x86)"/>
    <property name="BUILD_URL" value="http://localhost:8888/job/test/8/"/>
    <property name="java.vendor.url.bug" value="http://bugreport.sun.com/bugreport/"/>
    <property name="java.awt.graphicsenv" value="sun.awt.Win32GraphicsEnvironment"/>
    <property name="os.arch" value="amd64"/>
    <property name="SystemRoot" value="C:\WINDOWS"/>
    <property name="java.ext.dirs" value="D:\software\Java\jdk1.8.0_241\jre\lib\ext;C:\WINDOWS\Sun\Java\lib\ext"/>
    <property name="user.dir" value="D:\project\jenkinsTest"/>
    <property name="JOB_URL" value="http://localhost:8888/job/test/"/>
    <property name="USERDOMAIN" value="WorkGroup"/>
    <property name="line.separator" value="&#10;"/>
    <property name="MAVEN_HOME" value="D:\software\maven\apache-maven-3.6.3"/>
    <property name="java.vm.name" value="Java HotSpot(TM) 64-Bit Server VM"/>
    <property name="BUILD_NUMBER" value="8"/>
    <property name="BASE" value="F:\jenkins"/>
    <property name="propertyName" value="chrome"/>
    <property name="JENKINS_URL" value="http://localhost:8888/"/>
    <property name="PROCESSOR_REVISION" value="7100"/>
    <property name="basedir" value="D:\project\jenkinsTest"/>
    <property name="ProgramW6432" value="C:\Program Files"/>
    <property name="windir" value="C:\WINDOWS"/>
    <property name="file.encoding" value="GBK"/>
    <property name="SystemDrive" value="C:"/>
    <property name="maven3.interceptor" value="C:\WINDOWS\system32\config\systemprofile\AppData\Local\Jenkins\.jenkins\plugins\maven-plugin\WEB-INF\lib\maven35-interceptor-1.13.jar"/>
    <property name="WORKSPACE_TMP" value="C:\WINDOWS\system32\config\systemprofile\AppData\Local\Jenkins\.jenkins\workspace\test@tmp"/>
    <property name="WORKSPACE" value="C:\WINDOWS\system32\config\systemprofile\AppData\Local\Jenkins\.jenkins\workspace\test"/>
    <property name="maven3.interceptor.common" value="C:\WINDOWS\system32\config\systemprofile\AppData\Local\Jenkins\.jenkins\plugins\maven-plugin\WEB-INF\lib\maven3-interceptor-commons-1.13.jar"/>
    <property name="WINSW_EXECUTABLE" value="F:\jenkins\jenkins.exe"/>
    <property name="java.specification.version" value="1.8"/>
    <property name="PSModulePath" value="C:\Program Files\WindowsPowerShell\Modules;C:\WINDOWS\system32\WindowsPowerShell\v1.0\Modules"/>
    <property name="DriverData" value="C:\Windows\System32\Drivers\DriverData"/>
  </properties>
  <testcase name="moocTestCase" classname="TestCase.MoocTestCase" time="5.979"/>
</testsuite>