<?xml version="1.0" encoding="UTF-8"?>
<!-- Generated by org.testng.reporters.JUnitReportReporter -->
<testsuite skipped="0" hostname="BF-201901191311" name="TestCase" tests="1" failures="0" timestamp="12 五月 2021 06:17:05 GMT" time="0.003" errors="0">
  <testcase name="test" time="0.003" classname="TestCase"/>
</testsuite> <!-- TestCase -->
